[    0.000000] Initializing cgroup subsys cpuset
[    0.000000] Initializing cgroup subsys cpu
[    0.000000] Initializing cgroup subsys cpuacct
[    0.000000] Linux version 4.4.0-154-generic (buildd@lgw01-amd64-049) (gcc version 5.4.0 20160609 (Ubuntu 5.4.0-6ubuntu1~16.04.10) ) #181-Ubuntu SMP Tue Jun 25 05:29:03 UTC 2019 (Ubuntu 4.4.0-154.181-generic 4.4.179)
[    0.000000] Command line: BOOT_IMAGE=/boot/vmlinuz-4.4.0-154-generic root=LABEL=cloudimg-rootfs ro console=tty1 console=ttyS0
[    0.000000] KERNEL supported cpus:
[    0.000000]   Intel GenuineIntel
[    0.000000]   AMD AuthenticAMD
[    0.000000]   Centaur CentaurHauls
[    0.000000] x86/fpu: xstate_offset[2]:  576, xstate_sizes[2]:  256
[    0.000000] x86/fpu: Supporting XSAVE feature 0x01: 'x87 floating point registers'
[    0.000000] x86/fpu: Supporting XSAVE feature 0x02: 'SSE registers'
[    0.000000] x86/fpu: Supporting XSAVE feature 0x04: 'AVX registers'
[    0.000000] x86/fpu: Enabled xstate features 0x7, context size is 832 bytes, using 'standard' format.
[    0.000000] e820: BIOS-provided physical RAM map:
[    0.000000] BIOS-e820: [mem 0x0000000000000000-0x000000000009fbff] usable
[    0.000000] BIOS-e820: [mem 0x000000000009fc00-0x000000000009ffff] reserved
[    0.000000] BIOS-e820: [mem 0x00000000000f0000-0x00000000000fffff] reserved
[    0.000000] BIOS-e820: [mem 0x0000000000100000-0x000000007ffeffff] usable
[    0.000000] BIOS-e820: [mem 0x000000007fff0000-0x000000007fffffff] ACPI data
[    0.000000] BIOS-e820: [mem 0x00000000fec00000-0x00000000fec00fff] reserved
[    0.000000] BIOS-e820: [mem 0x00000000fee00000-0x00000000fee00fff] reserved
[    0.000000] BIOS-e820: [mem 0x00000000fffc0000-0x00000000ffffffff] reserved
[    0.000000] NX (Execute Disable) protection: active
[    0.000000] SMBIOS 2.5 present.
[    0.000000] Hypervisor detected: KVM
[    0.000000] e820: last_pfn = 0x7fff0 max_arch_pfn = 0x400000000
[    0.000000] MTRR: Disabled
[    0.000000] x86/PAT: MTRRs disabled, skipping PAT initialization too.
[    0.000000] CPU MTRRs all blank - virtualized system.
[    0.000000] x86/PAT: Configuration [0-7]: WB  WT  UC- UC  WB  WT  UC- UC  
[    0.000000] found SMP MP-table at [mem 0x0009fff0-0x0009ffff] mapped at [ffff88000009fff0]
[    0.000000] Scanning 1 areas for low memory corruption
[    0.000000] RAMDISK: [mem 0x362fc000-0x37175fff]
[    0.000000] ACPI: Early table checksum verification disabled
[    0.000000] ACPI: RSDP 0x00000000000E0000 000024 (v02 VBOX  )
[    0.000000] ACPI: XSDT 0x000000007FFF0030 00003C (v01 VBOX   VBOXXSDT 00000001 ASL  00000061)
[    0.000000] ACPI: FACP 0x000000007FFF00F0 0000F4 (v04 VBOX   VBOXFACP 00000001 ASL  00000061)
[    0.000000] ACPI: DSDT 0x000000007FFF0470 0022EA (v02 VBOX   VBOXBIOS 00000002 INTL 20100528)
[    0.000000] ACPI: FACS 0x000000007FFF0200 000040
[    0.000000] ACPI: FACS 0x000000007FFF0200 000040
[    0.000000] ACPI: APIC 0x000000007FFF0240 000054 (v02 VBOX   VBOXAPIC 00000001 ASL  00000061)
[    0.000000] ACPI: SSDT 0x000000007FFF02A0 0001CC (v01 VBOX   VBOXCPUT 00000002 INTL 20100528)
[    0.000000] No NUMA configuration found
[    0.000000] Faking a node at [mem 0x0000000000000000-0x000000007ffeffff]
[    0.000000] NODE_DATA(0) allocated [mem 0x7ffeb000-0x7ffeffff]
[    0.000000] kvm-clock: Using msrs 4b564d01 and 4b564d00
[    0.000000] kvm-clock: cpu 0, msr 0:7ffe3001, primary cpu clock
[    0.000000] kvm-clock: using sched offset of 19978807731 cycles
[    0.000000] clocksource: kvm-clock: mask: 0xffffffffffffffff max_cycles: 0x1cd42e4dffb, max_idle_ns: 881590591483 ns
[    0.000000] Zone ranges:
[    0.000000]   DMA      [mem 0x0000000000001000-0x0000000000ffffff]
[    0.000000]   DMA32    [mem 0x0000000001000000-0x000000007ffeffff]
[    0.000000]   Normal   empty
[    0.000000]   Device   empty
[    0.000000] Movable zone start for each node
[    0.000000] Early memory node ranges
[    0.000000]   node   0: [mem 0x0000000000001000-0x000000000009efff]
[    0.000000]   node   0: [mem 0x0000000000100000-0x000000007ffeffff]
[    0.000000] Initmem setup node 0 [mem 0x0000000000001000-0x000000007ffeffff]
[    0.000000] ACPI: PM-Timer IO Port: 0x4008
[    0.000000] IOAPIC[0]: apic_id 1, version 32, address 0xfec00000, GSI 0-23
[    0.000000] ACPI: INT_SRC_OVR (bus 0 bus_irq 0 global_irq 2 dfl dfl)
[    0.000000] ACPI: INT_SRC_OVR (bus 0 bus_irq 9 global_irq 9 low level)
[    0.000000] Using ACPI (MADT) for SMP configuration information
[    0.000000] smpboot: Allowing 1 CPUs, 0 hotplug CPUs
[    0.000000] PM: Registered nosave memory: [mem 0x00000000-0x00000fff]
[    0.000000] PM: Registered nosave memory: [mem 0x0009f000-0x0009ffff]
[    0.000000] PM: Registered nosave memory: [mem 0x000a0000-0x000effff]
[    0.000000] PM: Registered nosave memory: [mem 0x000f0000-0x000fffff]
[    0.000000] e820: [mem 0x80000000-0xfebfffff] available for PCI devices
[    0.000000] Booting paravirtualized kernel on KVM
[    0.000000] clocksource: refined-jiffies: mask: 0xffffffff max_cycles: 0xffffffff, max_idle_ns: 7645519600211568 ns
[    0.000000] setup_percpu: NR_CPUS:512 nr_cpumask_bits:512 nr_cpu_ids:1 nr_node_ids:1
[    0.000000] PERCPU: Embedded 34 pages/cpu @ffff88007fc00000 s99480 r8192 d31592 u2097152
[    0.000000] Built 1 zonelists in Node order, mobility grouping on.  Total pages: 515960
[    0.000000] Policy zone: DMA32
[    0.000000] Kernel command line: BOOT_IMAGE=/boot/vmlinuz-4.4.0-154-generic root=LABEL=cloudimg-rootfs ro console=tty1 console=ttyS0
[    0.000000] PID hash table entries: 4096 (order: 3, 32768 bytes)
[    0.000000] Memory: 2030064K/2096696K available (8613K kernel code, 1335K rwdata, 4028K rodata, 1484K init, 1284K bss, 66632K reserved, 0K cma-reserved)
[    0.000000] SLUB: HWalign=64, Order=0-3, MinObjects=0, CPUs=1, Nodes=1
[    0.000000] Kernel/User page tables isolation: enabled
[    0.000000] Hierarchical RCU implementation.
[    0.000000] 	Build-time adjustment of leaf fanout to 64.
[    0.000000] 	RCU restricting CPUs from NR_CPUS=512 to nr_cpu_ids=1.
[    0.000000] RCU: Adjusting geometry for rcu_fanout_leaf=64, nr_cpu_ids=1
[    0.000000] NR_IRQS:33024 nr_irqs:256 16
[    0.000000] Console: colour VGA+ 80x25
[    0.000000] console [tty1] enabled
[    0.000000] console [ttyS0] enabled
[    0.000000] tsc: Detected 2591.580 MHz processor
[    4.401830] Calibrating delay loop (skipped) preset value.. 5183.16 BogoMIPS (lpj=10366320)
[    4.462536] pid_max: default: 32768 minimum: 301
[    4.495564] ACPI: Core revision 20150930
[    4.531619] ACPI: 2 ACPI AML tables successfully acquired and loaded
[    4.575805] Security Framework initialized
[    4.604410] Yama: becoming mindful.
[    4.631307] AppArmor: AppArmor initialized
[    4.662840] Dentry cache hash table entries: 262144 (order: 9, 2097152 bytes)
[    4.713960] Inode-cache hash table entries: 131072 (order: 8, 1048576 bytes)
[    4.773095] Mount-cache hash table entries: 4096 (order: 3, 32768 bytes)
[    4.818916] Mountpoint-cache hash table entries: 4096 (order: 3, 32768 bytes)
[    4.862266] Initializing cgroup subsys io
[    4.893252] Initializing cgroup subsys memory
[    4.924581] Initializing cgroup subsys devices
[    4.959493] Initializing cgroup subsys freezer
[    4.988791] Initializing cgroup subsys net_cls
[    5.026437] Initializing cgroup subsys perf_event
[    5.065099] Initializing cgroup subsys net_prio
[    5.100250] Initializing cgroup subsys hugetlb
[    5.134658] Initializing cgroup subsys pids
[    5.169021] mce: CPU supports 0 MCE banks
[    5.198846] process: using mwait in idle threads
[    5.232534] Last level iTLB entries: 4KB 512, 2MB 8, 4MB 8
[    5.270721] Last level dTLB entries: 4KB 512, 2MB 32, 4MB 32, 1GB 0
[    5.314450] Spectre V2 : Mitigation: Full generic retpoline
[    5.354036] Spectre V2 : Spectre v2 / SpectreRSB mitigation: Filling RSB on context switch
[    5.412530] Speculative Store Bypass: Vulnerable
[    5.447432] MDS: Vulnerable: Clear CPU buffers attempted, no microcode
[    6.025992] Freeing SMP alternatives memory: 36K
[    6.376334] ftrace: allocating 32299 entries in 127 pages
[    8.001615] smpboot: APIC(0) Converting physical 0 to logical package 0
[    8.041175] smpboot: Max logical packages: 1
[    8.076180] x2apic enabled
[    8.104496] Switched APIC routing to physical x2apic.
[    8.172361] ..TIMER: vector=0x30 apic1=0 pin1=2 apic2=-1 pin2=-1
[    8.325752] smpboot: CPU0: Intel(R) Core(TM) i7-3687U CPU @ 2.10GHz (family: 0x6, model: 0x3a, stepping: 0x9)
[    8.407246] Performance Events: unsupported p6 CPU model 58 no PMU driver, software events only.
[    8.735878] KVM setup paravirtual spinlock
[    8.780369] x86: Booted up 1 node, 1 CPUs
[    8.812286] smpboot: Total of 1 processors activated (5183.16 BogoMIPS)
[    8.863876] devtmpfs: initialized
[    8.913859] evm: security.selinux
[    8.942195] evm: security.SMACK64
[    8.967298] evm: security.SMACK64EXEC
[    8.994774] evm: security.SMACK64TRANSMUTE
[    9.024089] evm: security.SMACK64MMAP
[    9.052443] evm: security.ima
[    9.076328] evm: security.capability
[    9.105743] clocksource: jiffies: mask: 0xffffffff max_cycles: 0xffffffff, max_idle_ns: 7645041785100000 ns
[    9.174750] futex hash table entries: 256 (order: 2, 16384 bytes)
[    9.214218] pinctrl core: initialized pinctrl subsystem
[    9.307862] RTC time: 18:51:31, date: 07/06/19
[    9.435316] NET: Registered protocol family 16
[    9.499864] cpuidle: using governor ladder
[    9.539337] cpuidle: using governor menu
[    9.567030] PCCT header not found.
[    9.597298] ACPI: bus type PCI registered
[    9.641950] acpiphp: ACPI Hot Plug PCI Controller Driver version: 0.5
[    9.710585] PCI: Using configuration type 1 for base access
[    9.765093] ACPI: Added _OSI(Module Device)
[    9.800690] ACPI: Added _OSI(Processor Device)
[    9.834486] ACPI: Added _OSI(3.0 _SCP Extensions)
[    9.875838] ACPI: Added _OSI(Processor Aggregator Device)
[    9.918418] ACPI: Executed 1 blocks of module-level executable AML code
[    9.991897] ACPI: Interpreter enabled
[   10.020270] ACPI: (supports S0 S5)
[   10.048201] ACPI: Using IOAPIC for interrupt routing
[   10.084225] PCI: Using host bridge windows from ACPI; if necessary, use "pci=nocrs" and report a bug
[   10.193586] ACPI: PCI Root Bridge [PCI0] (domain 0000 [bus 00-ff])
[   10.233232] acpi PNP0A03:00: _OSC: OS supports [ASPM ClockPM Segments MSI]
[   10.281060] acpi PNP0A03:00: _OSC: not requesting OS control; OS requires [ExtendedConfig ASPM ClockPM MSI]
[   10.349056] acpi PNP0A03:00: fail to add MMCONFIG information, can't access extended PCI configuration space under this bridge.
[   10.429023] PCI host bridge to bus 0000:00
[   10.458514] pci_bus 0000:00: root bus resource [io  0x0000-0x0cf7 window]
[   10.517299] pci_bus 0000:00: root bus resource [io  0x0d00-0xffff window]
[   10.564896] pci_bus 0000:00: root bus resource [mem 0x000a0000-0x000bffff window]
[   10.620068] pci_bus 0000:00: root bus resource [mem 0x80000000-0xfdffffff window]
[   10.684719] pci_bus 0000:00: root bus resource [bus 00-ff]
[   10.831669] pci 0000:00:01.1: legacy IDE quirk: reg 0x10: [io  0x01f0-0x01f7]
[   10.900901] pci 0000:00:01.1: legacy IDE quirk: reg 0x14: [io  0x03f6]
[   10.957843] pci 0000:00:01.1: legacy IDE quirk: reg 0x18: [io  0x0170-0x0177]
[   11.006478] pci 0000:00:01.1: legacy IDE quirk: reg 0x1c: [io  0x0376]
[   11.308537] pci 0000:00:07.0: quirk: [io  0x4000-0x403f] claimed by PIIX4 ACPI
[   11.369518] pci 0000:00:07.0: quirk: [io  0x4100-0x410f] claimed by PIIX4 SMB
[   11.908413] ACPI: PCI Interrupt Link [LNKA] (IRQs 5 9 10 *11)
[   12.002566] ACPI: PCI Interrupt Link [LNKB] (IRQs 5 9 *10 11)
[   12.077887] ACPI: PCI Interrupt Link [LNKC] (IRQs 5 *9 10 11)
[   12.137846] ACPI: PCI Interrupt Link [LNKD] (IRQs 5 9 10 *11)
[   12.196849] ACPI: Enabled 2 GPEs in block 00 to 07
[   12.242231] vgaarb: setting as boot device: PCI:0000:00:02.0
[   12.279433] vgaarb: device added: PCI:0000:00:02.0,decodes=io+mem,owns=io+mem,locks=none
[   12.332395] vgaarb: loaded
[   12.356537] vgaarb: bridge control possible 0000:00:02.0
[   12.393921] SCSI subsystem initialized
[   12.424225] ACPI: bus type USB registered
[   12.456787] usbcore: registered new interface driver usbfs
[   12.493518] usbcore: registered new interface driver hub
[   12.530424] usbcore: registered new device driver usb
[   12.564693] PCI: Using ACPI for IRQ routing
[   12.606088] NetLabel: Initializing
[   12.631068] NetLabel:  domain hash size = 128
[   12.661099] NetLabel:  protocols = UNLABELED CIPSOv4
[   12.700266] NetLabel:  unlabeled traffic allowed by default
[   12.739471] amd_nb: Cannot enumerate AMD northbridges
[   12.770407] clocksource: Switched to clocksource kvm-clock
[   12.837831] AppArmor: AppArmor Filesystem Enabled
[   12.867708] pnp: PnP ACPI init
[   12.908029] pnp: PnP ACPI: found 3 devices
[   12.950952] clocksource: acpi_pm: mask: 0xffffff max_cycles: 0xffffff, max_idle_ns: 2085701024 ns
[   13.010978] NET: Registered protocol family 2
[   13.044039] TCP established hash table entries: 16384 (order: 5, 131072 bytes)
[   13.096429] TCP bind hash table entries: 16384 (order: 6, 262144 bytes)
[   13.154079] TCP: Hash tables configured (established 16384 bind 16384)
[   13.217983] UDP hash table entries: 1024 (order: 3, 32768 bytes)
[   13.276510] UDP-Lite hash table entries: 1024 (order: 3, 32768 bytes)
[   13.326799] NET: Registered protocol family 1
[   13.369838] pci 0000:00:00.0: Limiting direct PCI/PCI transfers
[   13.418732] pci 0000:00:01.0: Activating ISA DMA hang workarounds
[   13.462656] Unpacking initramfs...
[   14.393271] Freeing initrd memory: 14824K
[   14.424110] RAPL PMU detected, API unit is 2^-32 Joules, 3 fixed counters 10737418240 ms ovfl timer
[   14.486212] hw unit of domain pp0-core 2^-0 Joules
[   14.517306] hw unit of domain package 2^-0 Joules
[   14.551210] hw unit of domain pp1-gpu 2^-0 Joules
[   14.583400] clocksource: tsc: mask: 0xffffffffffffffff max_cycles: 0x255b2a2ad01, max_idle_ns: 440795257265 ns
[   14.648988] platform rtc_cmos: registered platform RTC device (no PNP device found)
[   14.702601] Scanning for low memory corruption every 60 seconds
[   14.757499] audit: initializing netlink subsys (disabled)
[   14.803086] audit: type=2000 audit(1562439107.886:1): initialized
[   14.850368] Initialise system trusted keyring
[   14.886371] HugeTLB registered 2 MB page size, pre-allocated 0 pages
[   14.940959] zbud: loaded
[   14.963858] VFS: Disk quotas dquot_6.6.0
[   14.991237] VFS: Dquot-cache hash table entries: 512 (order 0, 4096 bytes)
[   15.033164] squashfs: version 4.0 (2009/01/31) Phillip Lougher
[   15.075901] fuse init (API version 7.23)
[   15.111833] Key type big_key registered
[   15.139505] Allocating IMA MOK and blacklist keyrings.
[   15.182767] Key type asymmetric registered
[   15.210956] Asymmetric key parser 'x509' registered
[   15.247000] Block layer SCSI generic (bsg) driver version 0.4 loaded (major 249)
[   15.317112] io scheduler noop registered
[   15.346882] io scheduler deadline registered (default)
[   15.390039] io scheduler cfq registered
[   15.421976] pci_hotplug: PCI Hot Plug PCI Core version: 0.5
[   15.471870] pciehp: PCI Express Hot Plug Controller Driver version: 0.4
[   15.520754] ACPI: AC Adapter [AC] (on-line)
[   15.559579] input: Power Button as /devices/LNXSYSTM:00/LNXPWRBN:00/input/input0
[   15.614591] ACPI: Power Button [PWRF]
[   15.642983] input: Sleep Button as /devices/LNXSYSTM:00/LNXSLPBN:00/input/input1
[   15.694796] ACPI: Sleep Button [SLPF]
[   15.726825] GHES: HEST is not enabled!
[   15.761046] ACPI: Battery Slot [BAT0] (battery present)
[   15.796935] Serial: 8250/16550 driver, 32 ports, IRQ sharing enabled
[   15.906830] 00:02: ttyS0 at I/O 0x3f8 (irq = 4, base_baud = 115200) is a 16550A
[   15.976726] Linux agpgart interface v0.103
[   16.013963] loop: module loaded
[   16.051438] scsi host0: ata_piix
[   16.088893] scsi host1: ata_piix
[   16.120864] ata1: PATA max UDMA/33 cmd 0x1f0 ctl 0x3f6 bmdma 0xd000 irq 14
[   16.163847] ata2: PATA max UDMA/33 cmd 0x170 ctl 0x376 bmdma 0xd008 irq 15
[   16.228282] libphy: Fixed MDIO Bus: probed
[   16.258826] tun: Universal TUN/TAP device driver, 1.6
[   16.295179] tun: (C) 1999-2004 Max Krasnyansky <maxk@qualcomm.com>
[   16.336906] PPP generic driver version 2.4.2
[   16.374032] ehci_hcd: USB 2.0 'Enhanced' Host Controller (EHCI) Driver
[   16.419794] ehci-pci: EHCI PCI platform driver
[   16.470658] ehci-platform: EHCI generic platform driver
[   16.550472] ohci_hcd: USB 1.1 'Open' Host Controller (OHCI) Driver
[   16.603343] ohci-pci: OHCI PCI platform driver
[   16.649623] ohci-platform: OHCI generic platform driver
[   16.688683] uhci_hcd: USB Universal Host Controller Interface driver
[   16.730700] i8042: PNP: PS/2 Controller [PNP0303:PS2K,PNP0f03:PS2M] at 0x60,0x64 irq 1,12
[   16.800692] serio: i8042 KBD port at 0x60,0x64 irq 1
[   16.839393] serio: i8042 AUX port at 0x60,0x64 irq 12
[   16.877488] mousedev: PS/2 mouse device common for all mice
[   16.916761] input: AT Translated Set 2 keyboard as /devices/platform/i8042/serio0/input/input2
[   16.982791] rtc_cmos rtc_cmos: rtc core: registered rtc_cmos as rtc0
[   17.021698] rtc_cmos rtc_cmos: alarms up to one day, 114 bytes nvram
[   17.070762] i2c /dev entries driver
[   17.104912] device-mapper: uevent: version 1.0.3
[   17.148355] device-mapper: ioctl: 4.34.0-ioctl (2015-10-28) initialised: dm-devel@redhat.com
[   17.204720] ledtrig-cpu: registered to indicate activity on CPUs
[   17.251590] NET: Registered protocol family 10
[   17.303443] NET: Registered protocol family 17
[   17.346975] Key type dns_resolver registered
[   17.385069] registered taskstats version 1
[   17.417114] Loading compiled-in X.509 certificates
[   17.452856] Loaded X.509 cert 'Build time autogenerated kernel key: 65139e04a67245b562a838c28b5e7032abdd4348'
[   17.512838] zswap: loaded using pool lzo/zbud
[   17.550233] Key type trusted registered
[   17.585026] Key type encrypted registered
[   17.615276] AppArmor: AppArmor sha1 policy hashing enabled
[   17.652378] ima: No TPM chip found, activating TPM-bypass!
[   17.688005] ima: Allocated hash algorithm: sha1
[   17.720611] evm: HMAC attrs: 0x1
[   17.771091]   Magic number: 11:704:897
[   17.817382] rtc_cmos rtc_cmos: setting system clock to 2019-07-06 18:51:39 UTC (1562439099)
[   17.881031] BIOS EDD facility v0.16 2004-Jun-25, 0 devices found
[   17.917661] EDD information not available.
[   17.961243] Freeing unused kernel memory: 1484K
[   18.002834] Write protecting the kernel read-only data: 14336k
[   18.042061] Freeing unused kernel memory: 1616K
[   18.072459] Freeing unused kernel memory: 68K
Loading, please wait...
starting version 229
[   18.165957] random: systemd-udevd: uninitialized urandom read (16 bytes read, 7 bits of entropy available)
[   18.228724] random: udevadm: uninitialized urandom read (16 bytes read, 7 bits of entropy available)
[   18.290567] random: systemd-udevd: uninitialized urandom read (16 bytes read, 7 bits of entropy available)
[   18.351874] random: udevadm: uninitialized urandom read (16 bytes read, 7 bits of entropy available)
[   18.410072] random: systemd-udevd: uninitialized urandom read (16 bytes read, 7 bits of entropy available)
[   18.536428] random: udevadm: uninitialized urandom read (16 bytes read, 7 bits of entropy available)
[   18.597796] random: systemd-udevd: uninitialized urandom read (16 bytes read, 7 bits of entropy available)
[   18.672288] random: udevadm: uninitialized urandom read (16 bytes read, 7 bits of entropy available)
[   18.729272] random: udevadm: uninitialized urandom read (16 bytes read, 7 bits of entropy available)
[   18.798150] random: systemd-udevd: uninitialized urandom read (16 bytes read, 7 bits of entropy available)
[   19.167203] Fusion MPT base driver 3.04.20
[   19.195580] Copyright (c) 1999-2008 LSI Corporation
[   19.291634] e1000: Intel(R) PRO/1000 Network Driver - version 7.3.21-k8-NAPI
[   19.332095] e1000: Copyright (c) 1999-2006 Intel Corporation.
[   19.512442] AVX version of gcm_enc/dec engaged.
[   19.544916] AES CTR mode by8 optimization enabled
[   19.644326] Fusion MPT SPI Host driver 3.04.20
[   19.800080] input: ImExPS/2 Generic Explorer Mouse as /devices/platform/i8042/serio1/input/input4
[   22.888625] e1000 0000:00:03.0 eth0: (PCI:33MHz:32-bit) 02:bd:e0:5c:30:55
[   22.932826] e1000 0000:00:03.0 eth0: Intel(R) PRO/1000 Network Connection
[   22.980810] mptbase: ioc0: Initiating bringup
[   23.082796] ioc0: LSI53C1030 A0: Capabilities={Initiator}
[   23.319570] scsi host2: ioc0: LSI53C1030 A0, FwRev=00000000h, Ports=1, MaxQ=256, IRQ=20
[   23.491830] scsi 2:0:0:0: Direct-Access     VBOX     HARDDISK         1.0  PQ: 0 ANSI: 5
[   23.654582] scsi target2:0:0: Beginning Domain Validation
[   23.917990] scsi target2:0:0: Domain Validation skipping write tests
[   23.958426] scsi target2:0:0: Ending Domain Validation
[   24.037611] scsi target2:0:0: asynchronous
[   24.157431] scsi 2:0:1:0: Direct-Access     VBOX     HARDDISK         1.0  PQ: 0 ANSI: 5
[   24.291864] scsi target2:0:1: Beginning Domain Validation
[   24.652727] scsi target2:0:1: Domain Validation skipping write tests
[   25.052246] scsi target2:0:1: Ending Domain Validation
[   25.513418] scsi target2:0:1: asynchronous
[   26.258492] sd 2:0:0:0: [sda] 20971520 512-byte logical blocks: (10.7 GB/10.0 GiB)
[   26.317296] sd 2:0:0:0: Attached scsi generic sg0 type 0
[   26.403671] sd 2:0:1:0: [sdb] 20480 512-byte logical blocks: (10.5 MB/10.0 MiB)
[   26.460315] sd 2:0:1:0: Attached scsi generic sg1 type 0
[   26.531281] sd 2:0:0:0: [sda] Write Protect is off
[   26.744508] sd 2:0:1:0: [sdb] Write Protect is off
[   26.859504] sd 2:0:1:0: [sdb] Incomplete mode parameter data
[   26.907924] sd 2:0:1:0: [sdb] Assuming drive cache: write through
[   26.952801] sd 2:0:0:0: [sda] Incomplete mode parameter data
[   26.998644] sd 2:0:0:0: [sda] Assuming drive cache: write through
[   27.165970]  sda: sda1
[   27.215915] sd 2:0:1:0: [sdb] Attached SCSI disk
[   27.382172] sd 2:0:0:0: [sda] Attached SCSI disk
[   28.432554] e1000 0000:00:08.0 eth1: (PCI:33MHz:32-bit) 08:00:27:5b:34:ec
[   28.470467] e1000 0000:00:08.0 eth1: Intel(R) PRO/1000 Network Connection
[   28.521281] e1000 0000:00:03.0 enp0s3: renamed from eth0
[   28.553939] e1000 0000:00:08.0 enp0s8: renamed from eth1
Begin: Loading essential drivers ... [   38.083126] md: linear personality registered for level -1
[   38.125507] md: multipath personality registered for level -4
[   38.175439] md: raid0 personality registered for level 0
[   38.229497] md: raid1 personality registered for level 1
[   38.338739] raid6: sse2x1   gen()  1580 MB/s
[   38.430668] raid6: sse2x1   xor()  1102 MB/s
[   38.522607] raid6: sse2x2   gen()  3061 MB/s
[   38.614489] raid6: sse2x2   xor()  2037 MB/s
[   38.706902] raid6: sse2x4   gen()  4137 MB/s
[   38.798815] raid6: sse2x4   xor()  2591 MB/s
[   38.826610] raid6: using algorithm sse2x4 gen() 4137 MB/s
[   38.866418] raid6: .... xor() 2591 MB/s, rmw enabled
[   38.901308] raid6: using ssse3x2 recovery algorithm
[   38.943702] xor: automatically using best checksumming function:
[   39.018610]    avx       : 11822.000 MB/sec
[   39.057537] async_tx: api initialized (async)
[   39.176615] md: raid6 personality registered for level 6
[   39.210582] md: raid5 personality registered for level 5
[   39.242148] md: raid4 personality registered for level 4
[   39.317219] md: raid10 personality registered for level 10
done.
Begin: Running /scripts/init-premount ... done.
Begin: Mounting root file system ... Begin: Running /scripts/local-top ... done.
Begin: Running /scripts/local-premount ... [   39.604613] Btrfs loaded
Scanning for Btrfs filesystems
done.
Warning: fsck not present, so skipping root file system
[   39.766243] EXT4-fs (sda1): mounted filesystem with ordered data mode. Opts: (null)
done.
Begin: Running /scripts/local-bottom ... done.
Begin: Running /scripts/init-bottom ... [   39.986852] random: nonblocking pool is initialized
done.
[   40.246889] systemd[1]: systemd 229 running in system mode. (+PAM +AUDIT +SELINUX +IMA +APPARMOR +SMACK +SYSVINIT +UTMP +LIBCRYPTSETUP +GCRYPT +GNUTLS +ACL +XZ -LZ4 +SECCOMP +BLKID +ELFUTILS +KMOD -IDN)
[   40.371953] systemd[1]: Detected virtualization oracle.
[   40.403538] systemd[1]: Detected architecture x86-64.

Welcome to [1mUbuntu 16.04.6 LTS[0m!

[   40.475040] systemd[1]: Set hostname to <ubuntu>.
[   40.532306] systemd[1]: Initializing machine ID from random generator.
[   40.580045] systemd[1]: Installed transient /etc/machine-id file.
[   41.159386] systemd[1]: Listening on LVM2 poll daemon socket.
[[0;32m  OK  [0m] Listening on LVM2 poll daemon socket.
[   41.223720] systemd[1]: Listening on /dev/initctl Compatibility Named Pipe.
[[0;32m  OK  [0m] Listening on /dev/initctl Compatibility Named Pipe.
[   41.300745] systemd[1]: Listening on Device-mapper event daemon FIFOs.
[[0;32m  OK  [0m] Listening on Device-mapper event daemon FIFOs.
[   41.375150] systemd[1]: Listening on udev Kernel Socket.
[[0;32m  OK  [0m] Listening on udev Kernel Socket.
[   41.455491] systemd[1]: Reached target User and Group Name Lookups.
[[0;32m  OK  [0m] Reached target User and Group Name Lookups.
[   41.535488] systemd[1]: Created slice System Slice.
[[0;32m  OK  [0m] Created slice System Slice.
[   41.601999] systemd[1]: Reached target Encrypted Volumes.
[[0;32m  OK  [0m] Reached target Encrypted Volumes.
[   41.663862] systemd[1]: Reached target System Time Synchronized.
[[0;32m  OK  [0m] Reached target System Time Synchronized.
[   41.731225] systemd[1]: Listening on udev Control Socket.
[[0;32m  OK  [0m] Listening on udev Control Socket.
[   41.797720] systemd[1]: Reached target Swap.
[[0;32m  OK  [0m] Reached target Swap.
[   41.851815] systemd[1]: Started Trigger resolvconf update for networkd DNS.
[[0;32m  OK  [0m] Started Trigger resolvconf update for networkd DNS.
[   41.953609] systemd[1]: Created slice User and Session Slice.
[[0;32m  OK  [0m] Created slice User and Session Slice.
[   42.022363] systemd[1]: Reached target Slices.
[[0;32m  OK  [0m] Reached target Slices.
[   42.087999] systemd[1]: Listening on Journal Audit Socket.
[[0;32m  OK  [0m] Listening on Journal Audit Socket.
[   42.156303] systemd[1]: Created slice system-serial\x2dgetty.slice.
[[0;32m  OK  [0m] Created slice system-serial\x2dgetty.slice.
[   42.230395] systemd[1]: Listening on Journal Socket (/dev/log).
[[0;32m  OK  [0m] Listening on Journal Socket (/dev/log).
[   42.299711] systemd[1]: Listening on Journal Socket.
[[0;32m  OK  [0m] Listening on Journal Socket.
[   42.369258] systemd[1]: Starting Nameserver information manager...
         Starting Nameserver information manager...
[   42.450154] systemd[1]: Starting Uncomplicated firewall...
         Starting Uncomplicated firewall...
[   42.583152] systemd[1]: Mounting POSIX Message Queue File System...
         Mounting POSIX Message Queue File System...
[   42.771883] systemd[1]: Starting Load Kernel Modules...
         Starting Load Kernel Modules...
[   42.869394] systemd[1]: Mounting Huge Pages File System...
         Mounting Huge Pages File System...[   42.973711] Loading iSCSI transport class v2.0-870.

[   43.033483] systemd[1]: Starting Set console keymap...
         Starting Set console keymap...
[   43.139967] iscsi: registered transport (tcp)
[   43.171448] systemd[1]: Starting Create list of required static device nodes for the current kernel...
         Starting Create list of required st... nodes for the current kernel...
[   43.366318] systemd[1]: Mounting Debug File System...
         Mounting Debug File System...
[   43.509569] systemd[1]: Starting Remount Root and Kernel File Systems...
         Starting Remount Root and Kernel File Systems...
[   43.662085] EXT4-fs (sda1): re-mounted. Opts: (null)
[   43.697529] systemd[1]: Listening on LVM2 metadata daemon socket.
[   43.747329] iscsi: registered transport (iser)
[[0;32m  OK  [0m] Listening on LVM2 metadata daemon socket.
[   43.856769] systemd[1]: Starting Monitoring of LVM2 mirrors, snapshots etc. using dmeventd or progress polling...
         Starting Monitoring of LVM2 mirrors... dmeventd or progress polling...
[   44.103541] systemd[1]: Listening on Syslog Socket.
[[0;32m  OK  [0m] Listening on Syslog Socket.
[   44.186424] systemd[1]: Starting Journal Service...
         Starting Journal Service...
[   44.279032] systemd[1]: Started Forward Password Requests to Wall Directory Watch.
[[0;32m  OK  [0m] Started Forward Password Requests to Wall Directory Watch.
[   44.418372] systemd[1]: Set up automount Arbitrary Executable File Formats File System Automount Point.
[[0;32m  OK  [0m] Set up automount Arbitrary Executab...ats File System Automount Point.
[   44.572780] systemd[1]: Mounted Debug File System.
[[0;32m  OK  [0m] Mounted Debug File System.
[   44.636998] systemd[1]: Mounted Huge Pages File System.
[[0;32m  OK  [0m] Mounted Huge Pages File System.
[   44.699560] systemd[1]: Mounted POSIX Message Queue File System.
[[0;32m  OK  [0m] Mounted POSIX Message Queue File System.
[   44.769493] systemd[1]: Started Journal Service.
[[0;32m  OK  [0m] Started Journal Service.
[[0;32m  OK  [0m] Started Uncomplicated firewall.
[[0;32m  OK  [0m] Started Load Kernel Modules.
[[0;32m  OK  [0m] Started Set console keymap.
[[0;32m  OK  [0m] Started Create list of required sta...ce nodes for the current kernel.
[[0;32m  OK  [0m] Started Remount Root and Kernel File Systems.
[[0;32m  OK  [0m] Started Nameserver information manager.
[[0;32m  OK  [0m] Started LVM2 metadata daemon.
         Starting Load/Save Random Seed...
         Starting udev Coldplug all Devices...
         Starting Create Static Device Nodes in /dev...
         Starting Apply Kernel Variables...
         Mounting FUSE Control File System...
         Starting Flush Journal to Persistent Storage...
[[0;32m  OK  [0m] Mounted FUSE Control File System.
[[0;32m  OK  [0m] Started Load/Save Random Seed.
[[0;32m  OK  [0m] Started Monitoring of LVM2 mirrors,...ng dmeventd or progress polling.
[[0;32m  OK  [0m] Started Create Static Device Nodes in /dev.
[[0;32m  OK  [0m] Started Apply Kernel Variables.
[[0;32m  OK  [0m] Started udev Coldplug all Devices.
[[0;32m  OK  [0m] Started Flush Journal to Persistent Storage.
         Starting udev Kernel Device Manager...
[[0;32m  OK  [0m] Reached target Local File Systems (Pre).
[[0;32m  OK  [0m] Reached target Local File Systems.
         Starting LSB: AppArmor initialization...
         Starting Initial cloud-init job (pre-networking)...
         Starting Set console font and keymap...
         Starting Commit a transient machine-id on disk...
         Starting Tell Plymouth To Write Out Runtime Data...
         Starting Create Volatile Files and Directories...
[[0;32m  OK  [0m] Started udev Kernel Device Manager.
[[0;32m  OK  [0m] Started Commit a transient machine-id on disk.
[[0;32m  OK  [0m] Started Tell Plymouth To Write Out Runtime Data.
[[0;32m  OK  [0m] Started Create Volatile Files and Directories.
         Starting Update UTMP about System Boot/Shutdown...
[[0;32m  OK  [0m] Started Dispatch Password Requests to Console Directory Watch.
[[0;32m  OK  [0m] Started Update UTMP about System Boot/Shutdown.
[   48.304428] [[0;32m  OK  [0m] Started LSB: AppArmor initialization.cloud-init[479]: Cloud-init v. 19.1-1-gbaa47854-0ubuntu1~16.04.1 running 'init-local' at Sat, 06 Jul 2019 18:52:17 +0000. Up 45.16 seconds.

[[0;32m  OK  [0m] Started Initial cloud-init job (pre-networking).
[[0;32m  OK  [0m] Found device /dev/ttyS0.
[[0;32m  OK  [0m] Listening on Load/Save RF Kill Switch Status /dev/rfkill Watch.
[[0;32m  OK  [0m] Reached target Network (Pre).
         Starting Raise network interfaces...
[[0;32m  OK  [0m] Started Set console font and keymap.
[[0;32m  OK  [0m] Created slice system-getty.slice.
[[0;32m  OK  [0m] Started Raise network interfaces.
         Starting Initial cloud-init job (metadata service crawler)...
[[0;32m  OK  [0m] Reached target Network.
[   78.386758] cloud-init[964]: Cloud-init v. 19.1-1-gbaa47854-0ubuntu1~16.04.1 running 'init' at Sat, 06 Jul 2019 18:52:48 +0000. Up 76.86 seconds.
[   78.494036] cloud-init[964]: ci-info: ++++++++++++++++++++++++++++++++++++++Net device info+++++++++++++++++++++++++++++++++++++++
[   78.622451] [[0;32m  OK  [0mcloud-init[964]: ] Started Initial cloud-init job (metadata service crawler).ci-info: +--------+-------+----------------------------+---------------+--------+-------------------+
[[0;32m  OK  [0m
[   78.725008] ] Reached target System Initialization.cloud-init[964]: ci-info: | Device |   Up  |          Address           |      Mask     | Scope  |     Hw-Address    |
[[0;32m  OK  [0m] Started Daily Cleanup of Temporary Directories.
[   78.847740] 
         cloud-initStarting Socket activation for snappy daemon.[964]: ci-info: +--------+-------+----------------------------+---------------+--------+-------------------+

[[0;32m  OK  [0m[   78.938196] cloud-init] Started ACPI Events Check.[964]: ci-info: | enp0s3 |  True |         10.0.2.15          | 255.255.255.0 | global | 02:bd:e0:5c:30:55 |
[[0;32m  OK  [0m] Reached target Paths.

[   79.033097] cloud-init[[0;32m  OK  [0m[964]: ci-info: | enp0s3 |  True | fe80::bd:e0ff:fe5c:3055/64 |       .       |  link  | 02:bd:e0:5c:30:55 |] Started Daily apt download activities.
[[0;32m  OK  [0m
[   79.153095] ] Started Daily apt upgrade and clean activities.cloud-init[964]: ci-info: | enp0s8 | False |             .              |       .       |   .    | 08:00:27:5b:34:ec |
[[0;32m  OK  [0m] Reached target Timers.
[[0;32m  OK  [0m
[   79.243016] ] Listening on ACPID Listen Socket.cloud-init[964]: ci-info: |   lo   |  True |         127.0.0.1          |   255.0.0.0   |  host  |         .         |
[[0;32m  OK  [0m] Listening on D-Bus System Message Bus Socket.

         [   79.371329] Starting LXD - unix socket.cloud-init[964]: ci-info: |   lo   |  True |          ::1/128           |       .       |  host  |         .         |
[[0;32m  OK  [0m] Listening on UUID daemon activation socket.
[[0;32m  OK  [0m
[   79.479267] ] Reached target Cloud-config availability.cloud-init[964]: ci-info: +--------+-------+----------------------------+---------------+--------+-------------------+
[[0;32m  OK  [0m] Reached target Network is Online.
[   79.571434] 
         Starting iSCSI initiator daemon (iscsid)...cloud-init[964]: 
ci-info: +++++++++++++++++++++++++++Route IPv4 info++++++++++++++++++++++++++++[[0;32m  OK  [0m] Listening on Socket activation for snappy daemon.
[[0;32m  OK  [0m] Listening on LXD - unix socket.
[   79.725786] 
cloud-init[[964]: [0;32m  OK  [0mci-info: +-------+-------------+----------+---------------+-----------+-------+] Reached target Sockets.
[[0;32m  OK  [0m] Reached target Basic System.
[   79.844898] cloud-init
[964]: [[0;32m  OK  [0mci-info: | Route | Destination | Gateway  |    Genmask    | Interface | Flags |] Started FUSE filesystem for LXC.
         
Starting Pollinate to seed the pseudo random number generator...[   80.006692] cloud-init
         Starting LSB: MD monitoring daemon...[964]: 
         ci-info: +-------+-------------+----------+---------------+-----------+-------+Starting LXD - container startup/shutdown...
[[0;32m  OK  [0m] Started D-Bus System Message Bus.

[[0;32m  OK  [0m[   80.350264] ] Started ACPI event daemon.
cloud-init[[0;32m  OK  [0m] Started Regular background program processing daemon.[964]: 
ci-info: |   0   |   0.0.0.0   | 10.0.2.2 |    0.0.0.0    |   enp0s3  |   UG  |         Starting System Logging Service...
         Starting Virtualbox guest utils...
         Starting Login Service...
         Starting /etc/rc.local Compatibility...
         Starting Accounts Service...
         Starting LSB: Record successful boot for GRUB...
[[0;32m  OK  [0m] Started Deferred execution scheduler.
         Starting Snappy daemon...
[[0;32m  OK  [0m] Started /etc/rc.local Compatibility.
[[0;32m  OK  [0m] Started iSCSI initiator daemon (iscsid).

[   81.128666] [[0;32m  OK  [0m] Started System Logging Service.
cloud-init[964]: ci-info: |   1   |   10.0.2.0  | 0.0.0.0  | 255.255.255.0 |   enp0s3  |   U   |[[0;32m  OK  [0m] Started LXD - container startup/shutdown.

[   81.626803] cloud-init[964]: ci-info: +-------+-------------+----------+---------------+-----------+-------+[[0;32m  OK  [0m] Started LSB: MD monitoring daemon.

[[0;32m  OK  [0m[   81.944017] ] Started Login Service.
[[0;32m  OK  [0mcloud-init] Started Unattended Upgrades Shutdown.[964]: 
         Starting Authenticate and Authorize Users to Run Privileged Tasks...
ci-info: +++++++++++++++++++Route IPv6 info+++++++++++++++++++         Starting Login to default iSCSI targets...
[[0;32m  OK  [0m] Started LSB: Record successful boot for GRUB.

[[0;32m  OK  [0m] Started Authenticate and Authorize Users to Run Privileged Tasks.[   82.596441] 
cloud-init[[0;32m  OK  [0m] Started Accounts Service.[964]: 
ci-info: +-------+-------------+---------+-----------+-------+[[0;32m  OK  [0m] Started Login to default iSCSI targets.
[[0;32m  OK  [0m] Reached target Remote File Systems (Pre).

[[0;32m  OK  [0m] Reached target Remote File Systems.[   83.103416] 
         Starting LSB: daemon to balance interrupts for SMP systems...cloud-init
         Starting Permit User Sessions...[964]: ci-info: | Route | Destination | Gateway | Interface | Flags |
         Starting LSB: Set the CPU Frequency Scaling governor to "ondemand"...
         Starting LSB: automatic crash report generation...
[[0;32m  OK  [0m] Started Permit User Sessions.

         [   83.675670] Starting Terminate Plymouth Boot Screen...
         Starting Hold until boot process finishes up...cloud-init
[[0;32m  OK  [0m] Started Terminate Plymouth Boot Screen.[964]: 
[[0;32m  OK  [0m] Started Hold until boot process finishes up.
[[0;32m  OK  [0m] Started LSB: Set the CPU Frequency Scaling governor to "ondemand".
[[0;32m  OK  [0mci-info: +-------+-------------+---------+-----------+-------+] Started LSB: daemon to balance interrupts for SMP systems.
[[0;32m  OK  [0m] Started Serial Getty on ttyS0.
         Starting Set console scheme...
[[0;32m  OK  [0m] Started Getty on tty1.
[[0;32m  OK  [0m] Reached target Login Prompts.

[   84.957015] [[0;32m  OK  [0m] Started Set console scheme.cloud-init
[[0;32m  OK  [0m] Started LSB: automatic crash report generation.[964]: ci-info: |   0   |  fe80::/64  |    ::   |   enp0s3  |   U   |
[[0;32m  OK  [0m] Started Virtualbox guest utils.

[   85.283812] cloud-init[964]: ci-info: |   3   |   ff00::/8  |    ::   |   enp0s3  |   U   |[[0;32m  OK  [0m
] Started Snappy daemon.
         Starting Wait until snapd is fully seeded...
[   85.629019] cloud-init[964]: ci-info: +-------+-------------+---------+-----------+-------+
[[0;32m  OK  [0m[   85.988708] ] Started Pollinate to seed the pseudo random number generator.cloud-init[964]: 
Generating public/private rsa key pair.         Starting OpenBSD Secure Shell server...

[   86.512478] cloud-init[964]: Your identification has been saved in /etc/ssh/ssh_host_rsa_key.[[0;32m  OK  [0m] Started OpenBSD Secure Shell server.

[   86.932914] cloud-init[964]: Your public key has been saved in /etc/ssh/ssh_host_rsa_key.pub.
[   87.223093] cloud-init[964]: The key fingerprint is:
[[0;32m  OK  [0m] Created slice User Slice of vagrant.[   87.360862] 
         Starting User Manager for UID 1000...cloud-init
[964]: [[0;32m  OK  [0m] Started Session 1 of user vagrant.SHA256:MwXvPtwoYc8HqZSed42JvwTEIEXUHdUEv3wmMGofkIY root@ubuntu-xenial
[[0;32m  OK  [0m] Started User Manager for UID 1000.
[   87.753455] 
cloud-init[964]: The key's randomart image is:
[   87.876837] cloud-init[964]: +---[RSA 2048]----+
[   87.995075] cloud-init[964]: |      .+*. ..oo+.|
[   88.095477] cloud-init[964]: |       . *...  ..|
[   88.184221] cloud-init[964]: |        E O o   .|
[   88.297585] cloud-init[964]: |         * + o. .|
[   88.385901] cloud-init[964]: |        S B . .oo|
[   88.482505] cloud-init[964]: |       + % B = o.|
[   88.584931] cloud-init[964]: |        = X O .  |
[   88.696837] cloud-init[964]: |         o *     |
[   88.808753] cloud-init[964]: |            o.   |
[   88.948303] cloud-init[964]: +----[SHA256]-----+
[   89.048708] cloud-init[964]: Generating public/private dsa key pair.
[   89.163256] cloud-init[964]: Your identification has been saved in /etc/ssh/ssh_host_dsa_key.
[   89.305092] cloud-init[964]: Your public key has been saved in /etc/ssh/ssh_host_dsa_key.pub.
[   89.454573] cloud-init[964]: The key fingerprint is:
[   89.584634] cloud-init[964]: SHA256:GFJ11jLsBtJUyuxFVVV2LRh1ZaqGW7GbQmX+HK0ftac root@ubuntu-xenial
[   90.196939] cloud-init[964]: The key's randomart image is:
[   91.093026] 
cloud-initUbu[964]: +---[DSA 1024]----+ntu 16
.0[   91.244326] 4.6 Lcloud-initTS [964]: ubuntu-xenial|      .+oo=oo=o.%| ttyS0

ubuntu-xenial
 login: [   91.472736] cloud-init[964]: |     ..oo=+ o .=o|
[   91.616790] cloud-init[964]: |    . ..+o.o+ .. |
[   91.708814] cloud-init[964]: |     . + .o= + . |
[   91.771109] cloud-init[964]: |      . S.o * . o|
[   91.831510] cloud-init[964]: |         . + = oo|
[   91.897097] cloud-init[964]: |          o o +o.|
[   91.944669] cloud-init[964]: |           .   oo|
[   91.984891] cloud-init[964]: |              E .|
[   92.031630] cloud-init[964]: +----[SHA256]-----+
[   92.154965] cloud-init[964]: Generating public/private ecdsa key pair.
[   92.224405] cloud-init[964]: Your identification has been saved in /etc/ssh/ssh_host_ecdsa_key.
[   92.322893] cloud-init[964]: Your public key has been saved in /etc/ssh/ssh_host_ecdsa_key.pub.
[   92.416330] cloud-init[964]: The key fingerprint is:
[   92.469204] cloud-init[964]: SHA256:1KXfGuDB328u2iKy34AWlekp/6nihk+rkFLf3v25DvI root@ubuntu-xenial
[   92.540376] cloud-init[964]: The key's randomart image is:
[   92.616244] cloud-init[964]: +---[ECDSA 256]---+
[   92.672286] cloud-init[964]: |            .    |
[   92.717210] cloud-init[964]: |         o =     |
[   92.755088] cloud-init[964]: |        . X      |
[   92.800755] cloud-init[964]: |       . + * o   |
[   92.860833] cloud-init[964]: |    .   S + + o  |
[   92.952788] cloud-init[964]: |   . o . =   o . |
[   92.997070] cloud-init[964]: |  . o ..= + o   o|
[   93.053205] cloud-init[964]: |   . ..++o.B.+.+ |
[   93.122407] cloud-init[964]: |      .=*=+oE=*o.|
[   93.194177] cloud-init[964]: +----[SHA256]-----+
[   93.285919] cloud-init[964]: Generating public/private ed25519 key pair.
[   93.385440] cloud-init[964]: Your identification has been saved in /etc/ssh/ssh_host_ed25519_key.
[   93.552423] cloud-init[964]: Your public key has been saved in /etc/ssh/ssh_host_ed25519_key.pub.
[   93.688749] cloud-init[964]: The key fingerprint is:
[   93.745807] cloud-init[964]: SHA256:FEF7PwDlG2P55y9mJS8AyryRl+ugduZFpnz2OwOvJHs root@ubuntu-xenial
[   93.917186] cloud-init[964]: The key's randomart image is:
[   94.032234] cloud-init[964]: +--[ED25519 256]--+
[   94.130844] cloud-init[964]: |       .=o.      |
[   94.196958] cloud-init[964]: |         = .     |
[   94.271628] cloud-init[964]: |        o O      |
[   94.364650] cloud-init[964]: |       . o.B     |
[   94.448588] cloud-init[964]: |       oSo+o+ .  |
[   94.532500] cloud-init[964]: |       .*++ .+. .|
[   94.616491] cloud-init[964]: |        =+=+ ..+ |
[   94.725393] cloud-init[964]: |      ..+OE.+ =..|
[   94.816329] cloud-init[964]: |     ..+ooo.o* o.|
[   94.896934] cloud-init[964]: +----[SHA256]-----+
[   99.324399] cloud-init[1457]: Generating locales (this might take a while)...
[  106.774473] cloud-init[1457]:   en_US.UTF-8... done
[  106.814119] cloud-init[1457]: Generation complete.
[  109.122374] cloud-init[1457]: Cloud-init v. 19.1-1-gbaa47854-0ubuntu1~16.04.1 running 'modules:config' at Sat, 06 Jul 2019 18:53:10 +0000. Up 98.44 seconds.
ci-info: no authorized ssh keys fingerprints found for user ubuntu.
<14>Jul  6 18:53:23 ec2: 
<14>Jul  6 18:53:23 ec2: #############################################################
<14>Jul  6 18:53:23 ec2: -----BEGIN SSH HOST KEY FINGERPRINTS-----
<14>Jul  6 18:53:23 ec2: 1024 SHA256:GFJ11jLsBtJUyuxFVVV2LRh1ZaqGW7GbQmX+HK0ftac root@ubuntu-xenial (DSA)
<14>Jul  6 18:53:23 ec2: 256 SHA256:1KXfGuDB328u2iKy34AWlekp/6nihk+rkFLf3v25DvI root@ubuntu-xenial (ECDSA)
<14>Jul  6 18:53:23 ec2: 256 SHA256:FEF7PwDlG2P55y9mJS8AyryRl+ugduZFpnz2OwOvJHs root@ubuntu-xenial (ED25519)
<14>Jul  6 18:53:23 ec2: 2048 SHA256:MwXvPtwoYc8HqZSed42JvwTEIEXUHdUEv3wmMGofkIY root@ubuntu-xenial (RSA)
<14>Jul  6 18:53:23 ec2: -----END SSH HOST KEY FINGERPRINTS-----
<14>Jul  6 18:53:23 ec2: #############################################################
-----BEGIN SSH HOST KEY KEYS-----
ecdsa-sha2-nistp256 AAAAE2VjZHNhLXNoYTItbmlzdHAyNTYAAAAIbmlzdHAyNTYAAABBBD9IEHuvfPO+oq72IYOCYIOTwOOwgolJw4tHTfYO7hIbV2mhcjCuitLr+bsoeMmwvNCAEOpjjVR8W9h1lQwxTaA= root@ubuntu-xenial
ssh-ed25519 AAAAC3NzaC1lZDI1NTE5AAAAIJmuHFRfP56uxMDdhgZhzF0CxzPDwqxJmfqki47dBHKv root@ubuntu-xenial
ssh-rsa AAAAB3NzaC1yc2EAAAADAQABAAABAQDBc7Ko02/CqKkBP8iKEZ0EdtCYiE9aZt1zJO5RkzcwuI8cNWRsod9Ej9EpvXaO6WmexeTLGIpGosu6MwNA8VpFJ/8sLdczuMstsJG84sIdHwQC3btG/XNf7sdOPD1Sn6JtMNAu+oiPlVP1UrcEjS7T4AKgTB8Qn4MyBoHU15OwzXhLFpgAp3I08pYIdR6Pt4Yj7tlJkg0BqANDYgHyXctDvYIjqPCSuJsfwYA27O9sQ3Nu4GH4+XWjwNpJEXNgsuzjIAJi8LLflEwIKMoOy9eRc0bh2S71F7S24rNjKg3+GSOUnQDVlMOJ812EmWR1yS9tQio63sRAFCzAG97+ejlp root@ubuntu-xenial
-----END SSH HOST KEY KEYS-----
[  111.946275] cloud-init[1933]: Cloud-init v. 19.1-1-gbaa47854-0ubuntu1~16.04.1 running 'modules:final' at Sat, 06 Jul 2019 18:53:22 +0000. Up 110.87 seconds.
[  112.053083] cloud-init[1933]: ci-info: no authorized ssh keys fingerprints found for user ubuntu.
[  112.131347] cloud-init[1933]: Cloud-init v. 19.1-1-gbaa47854-0ubuntu1~16.04.1 finished at Sat, 06 Jul 2019 18:53:23 +0000. Datasource DataSourceNoCloud [seed=/dev/sdb][dsmode=net].  Up 111.92 seconds
